<?xml version="1.0"?>

<layout xmlns:xsi="http://www.w3.org/2001/XMLSchema-instance" xsi:noNamespaceSchemaLocation="urn:magento:framework:View/Layout/etc/page_layout.xsd">
    <update handle="3columns" />

    <referenceContainer name="wish-list-link" remove="true" />

    <referenceContainer name="my-account-link" remove="true" />

    <move element="top.search" destination="header.panel" before="top.links" after="store_language" />

    <move element="minicart" destination="header.panel" before="-" />

    <referenceContainer name="columns">
        <container name="sidebar.main" htmlTag="div" htmlClass="sidebar sidebar-main" after="main">
            <block template="Magento_Theme::test-template.phtml" />
        </container>
        <container name="sidebar.additional" htmlTag="div" htmlClass="sidebar sidebar-additional" after="div.sidebar.main">
            <block template="Magento_Theme::test-template.phtml" />
        </container>
    </referenceContainer>
</layout>
